[2022-12-11T19:23:26.827Z] [24008] [info] UI-Launcher version: 19.0.0
[2022-12-11T19:23:26.828Z] [24008] [info] UI-Launcher launched from C:\Users\Hamza\AppData\Local\Temp\odis_download_dest\2446797726807765669\Setup\ui-launcher
[2022-12-11T19:23:26.828Z] [24008] [info] Root path: C:\Users\Hamza\AppData\Local\Temp\odis_download_dest\2446797726807765669\Setup
[2023-06-20T08:52:25.998Z] [8948] [info] UI-Launcher version: 19.0.0
[2023-06-20T08:52:26.001Z] [8948] [info] UI-Launcher launched from C:\Program Files\Autodesk\AdODIS\V1\Setup\ui-launcher
[2023-06-20T08:52:26.002Z] [8948] [info] Root path: C:\Program Files\Autodesk\AdODIS\V1\Setup
[2023-06-21T17:12:00.639Z] [17360] [info] UI-Launcher version: 19.0.0
[2023-06-21T17:12:00.640Z] [17360] [info] UI-Launcher launched from C:\Program Files\Autodesk\AdODIS\V1\Setup\ui-launcher
[2023-06-21T17:12:00.641Z] [17360] [info] Root path: C:\Program Files\Autodesk\AdODIS\V1\Setup
[2023-06-26T14:41:27.904Z] [1428] [info] UI-Launcher version: 19.0.0
[2023-06-26T14:41:27.905Z] [1428] [info] UI-Launcher launched from C:\Program Files\Autodesk\AdODIS\V1\Setup\ui-launcher
[2023-06-26T14:41:27.905Z] [1428] [info] Root path: C:\Program Files\Autodesk\AdODIS\V1\Setup
[2023-06-29T10:23:08.198Z] [2884] [info] UI-Launcher version: 19.0.0
[2023-06-29T10:23:08.199Z] [2884] [info] UI-Launcher launched from C:\Program Files\Autodesk\AdODIS\V1\Setup\ui-launcher
[2023-06-29T10:23:08.199Z] [2884] [info] Root path: C:\Program Files\Autodesk\AdODIS\V1\Setup
[2023-07-01T10:11:05.613Z] [7560] [info] UI-Launcher version: 19.0.0
[2023-07-01T10:11:05.613Z] [7560] [info] UI-Launcher launched from C:\Program Files\Autodesk\AdODIS\V1\Setup\ui-launcher
[2023-07-01T10:11:05.614Z] [7560] [info] Root path: C:\Program Files\Autodesk\AdODIS\V1\Setup
[2023-07-02T13:43:27.539Z] [3488] [info] UI-Launcher version: 19.0.0
[2023-07-02T13:43:27.539Z] [3488] [info] UI-Launcher launched from C:\Program Files\Autodesk\AdODIS\V1\Setup\ui-launcher
[2023-07-02T13:43:27.539Z] [3488] [info] Root path: C:\Program Files\Autodesk\AdODIS\V1\Setup
